2019-05-20 11:48:03.541  INFO 737 --- [main] tacobell.Application                     : Starting Application on Mac-mini-Mediasoft.local with PID 737 (/Users/mediasoft/IdeaProjects/DBproject/build/classes/java/main started by mediasoft in /Users/mediasoft/IdeaProjects/DBproject)
2019-05-20 11:48:03.551  INFO 737 --- [main] tacobell.Application                     : No active profile set, falling back to default profiles: default
2019-05-20 11:48:05.364  INFO 737 --- [main] .s.d.r.c.RepositoryConfigurationDelegate : Bootstrapping Spring Data repositories in DEFAULT mode.
2019-05-20 11:48:05.500  INFO 737 --- [main] .s.d.r.c.RepositoryConfigurationDelegate : Finished Spring Data repository scanning in 116ms. Found 4 repository interfaces.
2019-05-20 11:48:06.493  INFO 737 --- [main] trationDelegate$BeanPostProcessorChecker : Bean 'org.springframework.transaction.annotation.ProxyTransactionManagementConfiguration' of type [org.springframework.transaction.annotation.ProxyTransactionManagementConfiguration$$EnhancerBySpringCGLIB$$715d155b] is not eligible for getting processed by all BeanPostProcessors (for example: not eligible for auto-proxying)
2019-05-20 11:48:07.284  INFO 737 --- [main] o.s.b.w.embedded.tomcat.TomcatWebServer  : Tomcat initialized with port(s): 9090 (http)
2019-05-20 11:48:07.337  INFO 737 --- [main] o.apache.catalina.core.StandardService   : Starting service [Tomcat]
2019-05-20 11:48:07.338  INFO 737 --- [main] org.apache.catalina.core.StandardEngine  : Starting Servlet engine: [Apache Tomcat/9.0.17]
2019-05-20 11:48:07.545  INFO 737 --- [main] o.a.c.c.C.[Tomcat].[localhost].[/]       : Initializing Spring embedded WebApplicationContext
2019-05-20 11:48:07.545  INFO 737 --- [main] o.s.web.context.ContextLoader            : Root WebApplicationContext: initialization completed in 3916 ms
2019-05-20 11:48:08.373  INFO 737 --- [main] com.zaxxer.hikari.HikariDataSource       : HikariPool-1 - Starting...
2019-05-20 11:48:08.535  INFO 737 --- [main] com.zaxxer.hikari.pool.PoolBase          : HikariPool-1 - Driver does not support get/set network timeout for connections. (org.h2.jdbc.JdbcConnection.getNetworkTimeout()I)
2019-05-20 11:48:08.554  INFO 737 --- [main] com.zaxxer.hikari.HikariDataSource       : HikariPool-1 - Start completed.
2019-05-20 11:48:08.690  INFO 737 --- [main] o.hibernate.jpa.internal.util.LogHelper  : HHH000204: Processing PersistenceUnitInfo [
	name: default
	...]
2019-05-20 11:48:08.834  INFO 737 --- [main] org.hibernate.Version                    : HHH000412: Hibernate Core {5.3.9.Final}
2019-05-20 11:48:08.837  INFO 737 --- [main] org.hibernate.cfg.Environment            : HHH000206: hibernate.properties not found
2019-05-20 11:48:09.191  INFO 737 --- [main] o.hibernate.annotations.common.Version   : HCANN000001: Hibernate Commons Annotations {5.0.4.Final}
2019-05-20 11:48:09.521  INFO 737 --- [main] org.hibernate.dialect.Dialect            : HHH000400: Using dialect: org.hibernate.dialect.H2Dialect
2019-05-20 11:48:09.599  INFO 737 --- [main] o.h.e.j.e.i.LobCreatorBuilderImpl        : HHH000423: Disabling contextual LOB creation as JDBC driver reported JDBC version [3] less than 4
2019-05-20 11:48:10.867  INFO 737 --- [main] o.h.t.schema.internal.SchemaCreatorImpl  : HHH000476: Executing import script 'org.hibernate.tool.schema.internal.exec.ScriptSourceInputNonExistentImpl@5ad57e90'
2019-05-20 11:48:10.873  INFO 737 --- [main] j.LocalContainerEntityManagerFactoryBean : Initialized JPA EntityManagerFactory for persistence unit 'default'
2019-05-20 11:48:12.173  INFO 737 --- [main] o.s.s.web.DefaultSecurityFilterChain     : Creating filter chain: any request, [org.springframework.security.web.context.request.async.WebAsyncManagerIntegrationFilter@3578a45b, org.springframework.security.web.context.SecurityContextPersistenceFilter@6d7865d6, org.springframework.security.web.header.HeaderWriterFilter@751686aa, org.springframework.security.web.csrf.CsrfFilter@5342eec5, org.springframework.security.web.authentication.logout.LogoutFilter@538e74fc, org.springframework.security.web.authentication.UsernamePasswordAuthenticationFilter@4e5364a3, org.springframework.security.web.savedrequest.RequestCacheAwareFilter@77f03916, org.springframework.security.web.servletapi.SecurityContextHolderAwareRequestFilter@2a075e70, org.springframework.security.web.authentication.AnonymousAuthenticationFilter@24f177f5, org.springframework.security.web.session.SessionManagementFilter@2dc3ece8, org.springframework.security.web.access.ExceptionTranslationFilter@149b53fa, org.springframework.security.web.access.intercept.FilterSecurityInterceptor@1d9af731]
2019-05-20 11:48:12.474  INFO 737 --- [main] o.s.s.concurrent.ThreadPoolTaskExecutor  : Initializing ExecutorService 'applicationTaskExecutor'
2019-05-20 11:48:12.556  WARN 737 --- [main] aWebConfiguration$JpaWebMvcConfiguration : spring.jpa.open-in-view is enabled by default. Therefore, database queries may be performed during view rendering. Explicitly configure spring.jpa.open-in-view to disable this warning
2019-05-20 11:48:12.769  INFO 737 --- [main] o.s.b.a.w.s.WelcomePageHandlerMapping    : Adding welcome page template: index
2019-05-20 11:48:13.118  INFO 737 --- [main] o.s.b.a.e.web.EndpointLinksResolver      : Exposing 2 endpoint(s) beneath base path '/actuator'
2019-05-20 11:48:13.311  INFO 737 --- [main] o.s.b.w.embedded.tomcat.TomcatWebServer  : Tomcat started on port(s): 9090 (http) with context path ''
2019-05-20 11:48:13.315  INFO 737 --- [main] tacobell.Application                     : Started Application in 10.583 seconds (JVM running for 11.202)
2019-05-20 11:48:19.357  INFO 737 --- [http-nio-9090-exec-1] o.a.c.c.C.[Tomcat].[localhost].[/]       : Initializing Spring DispatcherServlet 'dispatcherServlet'
2019-05-20 11:48:19.358  INFO 737 --- [http-nio-9090-exec-1] o.s.web.servlet.DispatcherServlet        : Initializing Servlet 'dispatcherServlet'
2019-05-20 11:48:19.375  INFO 737 --- [http-nio-9090-exec-1] o.s.web.servlet.DispatcherServlet        : Completed initialization in 17 ms
2019-05-20 11:48:55.899  INFO 737 --- [http-nio-9090-exec-9] o.h.h.i.QueryTranslatorFactoryInitiator  : HHH000397: Using ASTQueryTranslatorFactory
2019-05-20 11:49:39.285  INFO 737 --- [Thread-4] o.s.s.concurrent.ThreadPoolTaskExecutor  : Shutting down ExecutorService 'applicationTaskExecutor'
2019-05-20 11:49:39.290  INFO 737 --- [Thread-4] j.LocalContainerEntityManagerFactoryBean : Closing JPA EntityManagerFactory for persistence unit 'default'
2019-05-20 11:49:39.291  INFO 737 --- [Thread-4] .SchemaDropperImpl$DelayedDropActionImpl : HHH000477: Starting delayed evictData of schema as part of SessionFactory shut-down'
2019-05-20 11:49:39.303  INFO 737 --- [Thread-4] com.zaxxer.hikari.HikariDataSource       : HikariPool-1 - Shutdown initiated...
2019-05-20 11:49:39.308  INFO 737 --- [Thread-4] com.zaxxer.hikari.HikariDataSource       : HikariPool-1 - Shutdown completed.
2019-05-20 12:02:24.405  INFO 768 --- [main] tacobell.Application                     : Starting Application on Mac-mini-Mediasoft.local with PID 768 (/Users/mediasoft/IdeaProjects/DBproject/build/classes/java/main started by mediasoft in /Users/mediasoft/IdeaProjects/DBproject)
2019-05-20 12:02:24.410  INFO 768 --- [main] tacobell.Application                     : No active profile set, falling back to default profiles: default
2019-05-20 12:02:25.961  INFO 768 --- [main] .s.d.r.c.RepositoryConfigurationDelegate : Bootstrapping Spring Data repositories in DEFAULT mode.
2019-05-20 12:02:26.081  INFO 768 --- [main] .s.d.r.c.RepositoryConfigurationDelegate : Finished Spring Data repository scanning in 107ms. Found 4 repository interfaces.
2019-05-20 12:02:26.975  INFO 768 --- [main] trationDelegate$BeanPostProcessorChecker : Bean 'org.springframework.transaction.annotation.ProxyTransactionManagementConfiguration' of type [org.springframework.transaction.annotation.ProxyTransactionManagementConfiguration$$EnhancerBySpringCGLIB$$75f00ed5] is not eligible for getting processed by all BeanPostProcessors (for example: not eligible for auto-proxying)
2019-05-20 12:02:27.665  INFO 768 --- [main] o.s.b.w.embedded.tomcat.TomcatWebServer  : Tomcat initialized with port(s): 9090 (http)
2019-05-20 12:02:27.722  INFO 768 --- [main] o.apache.catalina.core.StandardService   : Starting service [Tomcat]
2019-05-20 12:02:27.723  INFO 768 --- [main] org.apache.catalina.core.StandardEngine  : Starting Servlet engine: [Apache Tomcat/9.0.17]
2019-05-20 12:02:27.892  INFO 768 --- [main] o.a.c.c.C.[Tomcat].[localhost].[/]       : Initializing Spring embedded WebApplicationContext
2019-05-20 12:02:27.893  INFO 768 --- [main] o.s.web.context.ContextLoader            : Root WebApplicationContext: initialization completed in 3411 ms
2019-05-20 12:02:28.710  INFO 768 --- [main] com.zaxxer.hikari.HikariDataSource       : HikariPool-1 - Starting...
2019-05-20 12:02:28.849  INFO 768 --- [main] com.zaxxer.hikari.pool.PoolBase          : HikariPool-1 - Driver does not support get/set network timeout for connections. (org.h2.jdbc.JdbcConnection.getNetworkTimeout()I)
2019-05-20 12:02:28.866  INFO 768 --- [main] com.zaxxer.hikari.HikariDataSource       : HikariPool-1 - Start completed.
2019-05-20 12:02:28.967  INFO 768 --- [main] o.hibernate.jpa.internal.util.LogHelper  : HHH000204: Processing PersistenceUnitInfo [
	name: default
	...]
2019-05-20 12:02:29.080  INFO 768 --- [main] org.hibernate.Version                    : HHH000412: Hibernate Core {5.3.9.Final}
2019-05-20 12:02:29.082  INFO 768 --- [main] org.hibernate.cfg.Environment            : HHH000206: hibernate.properties not found
2019-05-20 12:02:29.349  INFO 768 --- [main] o.hibernate.annotations.common.Version   : HCANN000001: Hibernate Commons Annotations {5.0.4.Final}
2019-05-20 12:02:29.610  INFO 768 --- [main] org.hibernate.dialect.Dialect            : HHH000400: Using dialect: org.hibernate.dialect.H2Dialect
2019-05-20 12:02:29.824  INFO 768 --- [main] o.h.e.j.e.i.LobCreatorBuilderImpl        : HHH000423: Disabling contextual LOB creation as JDBC driver reported JDBC version [3] less than 4
2019-05-20 12:02:31.342  INFO 768 --- [main] o.h.t.schema.internal.SchemaCreatorImpl  : HHH000476: Executing import script 'org.hibernate.tool.schema.internal.exec.ScriptSourceInputNonExistentImpl@77ab5214'
2019-05-20 12:02:31.347  INFO 768 --- [main] j.LocalContainerEntityManagerFactoryBean : Initialized JPA EntityManagerFactory for persistence unit 'default'
2019-05-20 12:02:32.564  INFO 768 --- [main] o.s.s.web.DefaultSecurityFilterChain     : Creating filter chain: any request, [org.springframework.security.web.context.request.async.WebAsyncManagerIntegrationFilter@3a9c11fb, org.springframework.security.web.context.SecurityContextPersistenceFilter@2cadcff6, org.springframework.security.web.header.HeaderWriterFilter@51508029, org.springframework.security.web.csrf.CsrfFilter@fbbd90c, org.springframework.security.web.authentication.logout.LogoutFilter@3ee258, org.springframework.security.web.authentication.UsernamePasswordAuthenticationFilter@92fd091, org.springframework.security.web.savedrequest.RequestCacheAwareFilter@7ee2423, org.springframework.security.web.servletapi.SecurityContextHolderAwareRequestFilter@4dac40b, org.springframework.security.web.authentication.AnonymousAuthenticationFilter@416c8bb5, org.springframework.security.web.session.SessionManagementFilter@31880efa, org.springframework.security.web.access.ExceptionTranslationFilter@3caa4d85, org.springframework.security.web.access.intercept.FilterSecurityInterceptor@22361e23]
2019-05-20 12:02:32.861  INFO 768 --- [main] o.s.s.concurrent.ThreadPoolTaskExecutor  : Initializing ExecutorService 'applicationTaskExecutor'
2019-05-20 12:02:32.936  WARN 768 --- [main] aWebConfiguration$JpaWebMvcConfiguration : spring.jpa.open-in-view is enabled by default. Therefore, database queries may be performed during view rendering. Explicitly configure spring.jpa.open-in-view to disable this warning
2019-05-20 12:02:33.160  INFO 768 --- [main] o.s.b.a.w.s.WelcomePageHandlerMapping    : Adding welcome page template: index
2019-05-20 12:02:33.506  INFO 768 --- [main] o.s.b.a.e.web.EndpointLinksResolver      : Exposing 2 endpoint(s) beneath base path '/actuator'
2019-05-20 12:02:33.718  INFO 768 --- [main] o.s.b.w.embedded.tomcat.TomcatWebServer  : Tomcat started on port(s): 9090 (http) with context path ''
2019-05-20 12:02:33.722  INFO 768 --- [main] tacobell.Application                     : Started Application in 10.034 seconds (JVM running for 10.586)
2019-05-20 12:02:39.200  INFO 768 --- [http-nio-9090-exec-1] o.a.c.c.C.[Tomcat].[localhost].[/]       : Initializing Spring DispatcherServlet 'dispatcherServlet'
2019-05-20 12:02:39.201  INFO 768 --- [http-nio-9090-exec-1] o.s.web.servlet.DispatcherServlet        : Initializing Servlet 'dispatcherServlet'
2019-05-20 12:02:39.215  INFO 768 --- [http-nio-9090-exec-1] o.s.web.servlet.DispatcherServlet        : Completed initialization in 14 ms
2019-05-20 12:02:58.014  INFO 768 --- [http-nio-9090-exec-10] o.h.h.i.QueryTranslatorFactoryInitiator  : HHH000397: Using ASTQueryTranslatorFactory
2019-05-20 12:03:44.778  INFO 768 --- [Thread-4] o.s.s.concurrent.ThreadPoolTaskExecutor  : Shutting down ExecutorService 'applicationTaskExecutor'
2019-05-20 12:03:44.782  INFO 768 --- [Thread-4] j.LocalContainerEntityManagerFactoryBean : Closing JPA EntityManagerFactory for persistence unit 'default'
2019-05-20 12:03:44.783  INFO 768 --- [Thread-4] .SchemaDropperImpl$DelayedDropActionImpl : HHH000477: Starting delayed evictData of schema as part of SessionFactory shut-down'
2019-05-20 12:03:44.793  INFO 768 --- [Thread-4] com.zaxxer.hikari.HikariDataSource       : HikariPool-1 - Shutdown initiated...
2019-05-20 12:03:44.799  INFO 768 --- [Thread-4] com.zaxxer.hikari.HikariDataSource       : HikariPool-1 - Shutdown completed.
2019-05-20 12:09:31.526  INFO 784 --- [main] tacobell.Application                     : Starting Application on Mac-mini-Mediasoft.local with PID 784 (/Users/mediasoft/IdeaProjects/DBproject/build/classes/java/main started by mediasoft in /Users/mediasoft/IdeaProjects/DBproject)
2019-05-20 12:09:31.532  INFO 784 --- [main] tacobell.Application                     : No active profile set, falling back to default profiles: default
2019-05-20 12:09:33.245  INFO 784 --- [main] .s.d.r.c.RepositoryConfigurationDelegate : Bootstrapping Spring Data repositories in DEFAULT mode.
2019-05-20 12:09:33.361  INFO 784 --- [main] .s.d.r.c.RepositoryConfigurationDelegate : Finished Spring Data repository scanning in 102ms. Found 4 repository interfaces.
2019-05-20 12:09:34.298  INFO 784 --- [main] trationDelegate$BeanPostProcessorChecker : Bean 'org.springframework.transaction.annotation.ProxyTransactionManagementConfiguration' of type [org.springframework.transaction.annotation.ProxyTransactionManagementConfiguration$$EnhancerBySpringCGLIB$$aedf7568] is not eligible for getting processed by all BeanPostProcessors (for example: not eligible for auto-proxying)
2019-05-20 12:09:35.001  INFO 784 --- [main] o.s.b.w.embedded.tomcat.TomcatWebServer  : Tomcat initialized with port(s): 9090 (http)
2019-05-20 12:09:35.052  INFO 784 --- [main] o.apache.catalina.core.StandardService   : Starting service [Tomcat]
2019-05-20 12:09:35.053  INFO 784 --- [main] org.apache.catalina.core.StandardEngine  : Starting Servlet engine: [Apache Tomcat/9.0.17]
2019-05-20 12:09:35.200  INFO 784 --- [main] o.a.c.c.C.[Tomcat].[localhost].[/]       : Initializing Spring embedded WebApplicationContext
2019-05-20 12:09:35.201  INFO 784 --- [main] o.s.web.context.ContextLoader            : Root WebApplicationContext: initialization completed in 3592 ms
2019-05-20 12:09:35.990  INFO 784 --- [main] com.zaxxer.hikari.HikariDataSource       : HikariPool-1 - Starting...
2019-05-20 12:09:36.130  INFO 784 --- [main] com.zaxxer.hikari.pool.PoolBase          : HikariPool-1 - Driver does not support get/set network timeout for connections. (org.h2.jdbc.JdbcConnection.getNetworkTimeout()I)
2019-05-20 12:09:36.149  INFO 784 --- [main] com.zaxxer.hikari.HikariDataSource       : HikariPool-1 - Start completed.
2019-05-20 12:09:36.242  INFO 784 --- [main] o.hibernate.jpa.internal.util.LogHelper  : HHH000204: Processing PersistenceUnitInfo [
	name: default
	...]
2019-05-20 12:09:36.363  INFO 784 --- [main] org.hibernate.Version                    : HHH000412: Hibernate Core {5.3.9.Final}
2019-05-20 12:09:36.365  INFO 784 --- [main] org.hibernate.cfg.Environment            : HHH000206: hibernate.properties not found
2019-05-20 12:09:36.545  INFO 784 --- [main] o.hibernate.annotations.common.Version   : HCANN000001: Hibernate Commons Annotations {5.0.4.Final}
2019-05-20 12:09:36.762  INFO 784 --- [main] org.hibernate.dialect.Dialect            : HHH000400: Using dialect: org.hibernate.dialect.H2Dialect
2019-05-20 12:09:36.843  INFO 784 --- [main] o.h.e.j.e.i.LobCreatorBuilderImpl        : HHH000423: Disabling contextual LOB creation as JDBC driver reported JDBC version [3] less than 4
2019-05-20 12:09:37.846  INFO 784 --- [main] o.h.t.schema.internal.SchemaCreatorImpl  : HHH000476: Executing import script 'org.hibernate.tool.schema.internal.exec.ScriptSourceInputNonExistentImpl@f9b8129'
2019-05-20 12:09:37.850  INFO 784 --- [main] j.LocalContainerEntityManagerFactoryBean : Initialized JPA EntityManagerFactory for persistence unit 'default'
2019-05-20 12:09:38.953  INFO 784 --- [main] o.s.s.web.DefaultSecurityFilterChain     : Creating filter chain: any request, [org.springframework.security.web.context.request.async.WebAsyncManagerIntegrationFilter@559e3f67, org.springframework.security.web.context.SecurityContextPersistenceFilter@4392362c, org.springframework.security.web.header.HeaderWriterFilter@2b6fcca1, org.springframework.security.web.csrf.CsrfFilter@5d58dc61, org.springframework.security.web.authentication.logout.LogoutFilter@7bda01da, org.springframework.security.web.authentication.UsernamePasswordAuthenticationFilter@2dc3ece8, org.springframework.security.web.savedrequest.RequestCacheAwareFilter@839755f, org.springframework.security.web.servletapi.SecurityContextHolderAwareRequestFilter@4ef8090b, org.springframework.security.web.authentication.AnonymousAuthenticationFilter@23d0944b, org.springframework.security.web.session.SessionManagementFilter@24b3f778, org.springframework.security.web.access.ExceptionTranslationFilter@7c3c3d67, org.springframework.security.web.access.intercept.FilterSecurityInterceptor@73dbe25]
2019-05-20 12:09:39.239  INFO 784 --- [main] o.s.s.concurrent.ThreadPoolTaskExecutor  : Initializing ExecutorService 'applicationTaskExecutor'
2019-05-20 12:09:39.310  WARN 784 --- [main] aWebConfiguration$JpaWebMvcConfiguration : spring.jpa.open-in-view is enabled by default. Therefore, database queries may be performed during view rendering. Explicitly configure spring.jpa.open-in-view to disable this warning
2019-05-20 12:09:39.508  INFO 784 --- [main] o.s.b.a.w.s.WelcomePageHandlerMapping    : Adding welcome page template: index
2019-05-20 12:09:39.857  INFO 784 --- [main] o.s.b.a.e.web.EndpointLinksResolver      : Exposing 2 endpoint(s) beneath base path '/actuator'
2019-05-20 12:09:40.063  INFO 784 --- [main] o.s.b.w.embedded.tomcat.TomcatWebServer  : Tomcat started on port(s): 9090 (http) with context path ''
2019-05-20 12:09:40.067  INFO 784 --- [main] tacobell.Application                     : Started Application in 9.225 seconds (JVM running for 9.734)
2019-05-20 12:09:50.213  INFO 784 --- [http-nio-9090-exec-1] o.a.c.c.C.[Tomcat].[localhost].[/]       : Initializing Spring DispatcherServlet 'dispatcherServlet'
2019-05-20 12:09:50.213  INFO 784 --- [http-nio-9090-exec-1] o.s.web.servlet.DispatcherServlet        : Initializing Servlet 'dispatcherServlet'
2019-05-20 12:09:50.229  INFO 784 --- [http-nio-9090-exec-1] o.s.web.servlet.DispatcherServlet        : Completed initialization in 14 ms
2019-05-20 12:10:02.685  INFO 784 --- [http-nio-9090-exec-10] o.h.h.i.QueryTranslatorFactoryInitiator  : HHH000397: Using ASTQueryTranslatorFactory
2019-05-20 12:10:26.585  INFO 784 --- [Thread-4] o.s.s.concurrent.ThreadPoolTaskExecutor  : Shutting down ExecutorService 'applicationTaskExecutor'
2019-05-20 12:10:26.590  INFO 784 --- [Thread-4] j.LocalContainerEntityManagerFactoryBean : Closing JPA EntityManagerFactory for persistence unit 'default'
2019-05-20 12:10:26.590  INFO 784 --- [Thread-4] .SchemaDropperImpl$DelayedDropActionImpl : HHH000477: Starting delayed evictData of schema as part of SessionFactory shut-down'
2019-05-20 12:10:26.601  INFO 784 --- [Thread-4] com.zaxxer.hikari.HikariDataSource       : HikariPool-1 - Shutdown initiated...
2019-05-20 12:10:26.607  INFO 784 --- [Thread-4] com.zaxxer.hikari.HikariDataSource       : HikariPool-1 - Shutdown completed.
2019-05-20 12:16:48.212  INFO 794 --- [main] tacobell.Application                     : Starting Application on Mac-mini-Mediasoft.local with PID 794 (/Users/mediasoft/IdeaProjects/DBproject/build/classes/java/main started by mediasoft in /Users/mediasoft/IdeaProjects/DBproject)
2019-05-20 12:16:48.218  INFO 794 --- [main] tacobell.Application                     : No active profile set, falling back to default profiles: default
2019-05-20 12:16:49.818  INFO 794 --- [main] .s.d.r.c.RepositoryConfigurationDelegate : Bootstrapping Spring Data repositories in DEFAULT mode.
2019-05-20 12:16:49.947  INFO 794 --- [main] .s.d.r.c.RepositoryConfigurationDelegate : Finished Spring Data repository scanning in 115ms. Found 4 repository interfaces.
2019-05-20 12:16:50.877  INFO 794 --- [main] trationDelegate$BeanPostProcessorChecker : Bean 'org.springframework.transaction.annotation.ProxyTransactionManagementConfiguration' of type [org.springframework.transaction.annotation.ProxyTransactionManagementConfiguration$$EnhancerBySpringCGLIB$$aa597e84] is not eligible for getting processed by all BeanPostProcessors (for example: not eligible for auto-proxying)
2019-05-20 12:16:51.561  INFO 794 --- [main] o.s.b.w.embedded.tomcat.TomcatWebServer  : Tomcat initialized with port(s): 9090 (http)
2019-05-20 12:16:51.606  INFO 794 --- [main] o.apache.catalina.core.StandardService   : Starting service [Tomcat]
2019-05-20 12:16:51.607  INFO 794 --- [main] org.apache.catalina.core.StandardEngine  : Starting Servlet engine: [Apache Tomcat/9.0.17]
2019-05-20 12:16:51.760  INFO 794 --- [main] o.a.c.c.C.[Tomcat].[localhost].[/]       : Initializing Spring embedded WebApplicationContext
2019-05-20 12:16:51.761  INFO 794 --- [main] o.s.web.context.ContextLoader            : Root WebApplicationContext: initialization completed in 3452 ms
2019-05-20 12:16:52.550  INFO 794 --- [main] com.zaxxer.hikari.HikariDataSource       : HikariPool-1 - Starting...
2019-05-20 12:16:52.701  INFO 794 --- [main] com.zaxxer.hikari.pool.PoolBase          : HikariPool-1 - Driver does not support get/set network timeout for connections. (org.h2.jdbc.JdbcConnection.getNetworkTimeout()I)
2019-05-20 12:16:52.719  INFO 794 --- [main] com.zaxxer.hikari.HikariDataSource       : HikariPool-1 - Start completed.
2019-05-20 12:16:52.813  INFO 794 --- [main] o.hibernate.jpa.internal.util.LogHelper  : HHH000204: Processing PersistenceUnitInfo [
	name: default
	...]
2019-05-20 12:16:52.933  INFO 794 --- [main] org.hibernate.Version                    : HHH000412: Hibernate Core {5.3.9.Final}
2019-05-20 12:16:52.936  INFO 794 --- [main] org.hibernate.cfg.Environment            : HHH000206: hibernate.properties not found
2019-05-20 12:16:53.183  INFO 794 --- [main] o.hibernate.annotations.common.Version   : HCANN000001: Hibernate Commons Annotations {5.0.4.Final}
2019-05-20 12:16:53.439  INFO 794 --- [main] org.hibernate.dialect.Dialect            : HHH000400: Using dialect: org.hibernate.dialect.H2Dialect
2019-05-20 12:16:53.543  INFO 794 --- [main] o.h.e.j.e.i.LobCreatorBuilderImpl        : HHH000423: Disabling contextual LOB creation as JDBC driver reported JDBC version [3] less than 4
2019-05-20 12:16:54.613  INFO 794 --- [main] o.h.t.schema.internal.SchemaCreatorImpl  : HHH000476: Executing import script 'org.hibernate.tool.schema.internal.exec.ScriptSourceInputNonExistentImpl@5817f1ca'
2019-05-20 12:16:54.617  INFO 794 --- [main] j.LocalContainerEntityManagerFactoryBean : Initialized JPA EntityManagerFactory for persistence unit 'default'
2019-05-20 12:16:55.801  INFO 794 --- [main] o.s.s.web.DefaultSecurityFilterChain     : Creating filter chain: any request, [org.springframework.security.web.context.request.async.WebAsyncManagerIntegrationFilter@3ee258, org.springframework.security.web.context.SecurityContextPersistenceFilter@47b4ac83, org.springframework.security.web.header.HeaderWriterFilter@283e1759, org.springframework.security.web.csrf.CsrfFilter@75e4fe3c, org.springframework.security.web.authentication.logout.LogoutFilter@13f4048e, org.springframework.security.web.authentication.UsernamePasswordAuthenticationFilter@1fb71788, org.springframework.security.web.savedrequest.RequestCacheAwareFilter@5604b85, org.springframework.security.web.servletapi.SecurityContextHolderAwareRequestFilter@7a730479, org.springframework.security.web.authentication.AnonymousAuthenticationFilter@4f676900, org.springframework.security.web.session.SessionManagementFilter@30a01dd8, org.springframework.security.web.access.ExceptionTranslationFilter@56299b0e, org.springframework.security.web.access.intercept.FilterSecurityInterceptor@76e00bdb]
2019-05-20 12:16:56.077  INFO 794 --- [main] o.s.s.concurrent.ThreadPoolTaskExecutor  : Initializing ExecutorService 'applicationTaskExecutor'
2019-05-20 12:16:56.153  WARN 794 --- [main] aWebConfiguration$JpaWebMvcConfiguration : spring.jpa.open-in-view is enabled by default. Therefore, database queries may be performed during view rendering. Explicitly configure spring.jpa.open-in-view to disable this warning
2019-05-20 12:16:56.365  INFO 794 --- [main] o.s.b.a.w.s.WelcomePageHandlerMapping    : Adding welcome page template: index
2019-05-20 12:16:56.715  INFO 794 --- [main] o.s.b.a.e.web.EndpointLinksResolver      : Exposing 2 endpoint(s) beneath base path '/actuator'
2019-05-20 12:16:56.918  INFO 794 --- [main] o.s.b.w.embedded.tomcat.TomcatWebServer  : Tomcat started on port(s): 9090 (http) with context path ''
2019-05-20 12:16:56.922  INFO 794 --- [main] tacobell.Application                     : Started Application in 9.445 seconds (JVM running for 9.962)
2019-05-20 12:17:06.084  INFO 794 --- [http-nio-9090-exec-1] o.a.c.c.C.[Tomcat].[localhost].[/]       : Initializing Spring DispatcherServlet 'dispatcherServlet'
2019-05-20 12:17:06.086  INFO 794 --- [http-nio-9090-exec-1] o.s.web.servlet.DispatcherServlet        : Initializing Servlet 'dispatcherServlet'
2019-05-20 12:17:06.103  INFO 794 --- [http-nio-9090-exec-1] o.s.web.servlet.DispatcherServlet        : Completed initialization in 17 ms
2019-05-20 12:17:17.849  INFO 794 --- [http-nio-9090-exec-10] o.h.h.i.QueryTranslatorFactoryInitiator  : HHH000397: Using ASTQueryTranslatorFactory
2019-05-20 12:18:09.550  INFO 794 --- [Thread-4] o.s.s.concurrent.ThreadPoolTaskExecutor  : Shutting down ExecutorService 'applicationTaskExecutor'
2019-05-20 12:18:09.554  INFO 794 --- [Thread-4] j.LocalContainerEntityManagerFactoryBean : Closing JPA EntityManagerFactory for persistence unit 'default'
2019-05-20 12:18:09.555  INFO 794 --- [Thread-4] .SchemaDropperImpl$DelayedDropActionImpl : HHH000477: Starting delayed evictData of schema as part of SessionFactory shut-down'
2019-05-20 12:18:09.567  INFO 794 --- [Thread-4] com.zaxxer.hikari.HikariDataSource       : HikariPool-1 - Shutdown initiated...
2019-05-20 12:18:09.571  INFO 794 --- [Thread-4] com.zaxxer.hikari.HikariDataSource       : HikariPool-1 - Shutdown completed.
2019-05-20 12:18:49.125  INFO 799 --- [main] tacobell.Application                     : Starting Application on Mac-mini-Mediasoft.local with PID 799 (/Users/mediasoft/IdeaProjects/DBproject/build/classes/java/main started by mediasoft in /Users/mediasoft/IdeaProjects/DBproject)
2019-05-20 12:18:49.131  INFO 799 --- [main] tacobell.Application                     : No active profile set, falling back to default profiles: default
2019-05-20 12:18:50.672  INFO 799 --- [main] .s.d.r.c.RepositoryConfigurationDelegate : Bootstrapping Spring Data repositories in DEFAULT mode.
2019-05-20 12:18:50.784  INFO 799 --- [main] .s.d.r.c.RepositoryConfigurationDelegate : Finished Spring Data repository scanning in 100ms. Found 4 repository interfaces.
2019-05-20 12:18:51.605  INFO 799 --- [main] trationDelegate$BeanPostProcessorChecker : Bean 'org.springframework.transaction.annotation.ProxyTransactionManagementConfiguration' of type [org.springframework.transaction.annotation.ProxyTransactionManagementConfiguration$$EnhancerBySpringCGLIB$$eecdadf9] is not eligible for getting processed by all BeanPostProcessors (for example: not eligible for auto-proxying)
2019-05-20 12:18:52.332  INFO 799 --- [main] o.s.b.w.embedded.tomcat.TomcatWebServer  : Tomcat initialized with port(s): 9090 (http)
2019-05-20 12:18:52.374  INFO 799 --- [main] o.apache.catalina.core.StandardService   : Starting service [Tomcat]
2019-05-20 12:18:52.375  INFO 799 --- [main] org.apache.catalina.core.StandardEngine  : Starting Servlet engine: [Apache Tomcat/9.0.17]
2019-05-20 12:18:52.523  INFO 799 --- [main] o.a.c.c.C.[Tomcat].[localhost].[/]       : Initializing Spring embedded WebApplicationContext
2019-05-20 12:18:52.523  INFO 799 --- [main] o.s.web.context.ContextLoader            : Root WebApplicationContext: initialization completed in 3327 ms
2019-05-20 12:18:53.295  INFO 799 --- [main] com.zaxxer.hikari.HikariDataSource       : HikariPool-1 - Starting...
2019-05-20 12:18:53.442  INFO 799 --- [main] com.zaxxer.hikari.pool.PoolBase          : HikariPool-1 - Driver does not support get/set network timeout for connections. (org.h2.jdbc.JdbcConnection.getNetworkTimeout()I)
2019-05-20 12:18:53.461  INFO 799 --- [main] com.zaxxer.hikari.HikariDataSource       : HikariPool-1 - Start completed.
2019-05-20 12:18:53.556  INFO 799 --- [main] o.hibernate.jpa.internal.util.LogHelper  : HHH000204: Processing PersistenceUnitInfo [
	name: default
	...]
2019-05-20 12:18:53.674  INFO 799 --- [main] org.hibernate.Version                    : HHH000412: Hibernate Core {5.3.9.Final}
2019-05-20 12:18:53.676  INFO 799 --- [main] org.hibernate.cfg.Environment            : HHH000206: hibernate.properties not found
2019-05-20 12:18:53.962  INFO 799 --- [main] o.hibernate.annotations.common.Version   : HCANN000001: Hibernate Commons Annotations {5.0.4.Final}
2019-05-20 12:18:54.171  INFO 799 --- [main] org.hibernate.dialect.Dialect            : HHH000400: Using dialect: org.hibernate.dialect.H2Dialect
2019-05-20 12:18:54.251  INFO 799 --- [main] o.h.e.j.e.i.LobCreatorBuilderImpl        : HHH000423: Disabling contextual LOB creation as JDBC driver reported JDBC version [3] less than 4
2019-05-20 12:18:55.217  INFO 799 --- [main] o.h.t.schema.internal.SchemaCreatorImpl  : HHH000476: Executing import script 'org.hibernate.tool.schema.internal.exec.ScriptSourceInputNonExistentImpl@d66502'
2019-05-20 12:18:55.220  INFO 799 --- [main] j.LocalContainerEntityManagerFactoryBean : Initialized JPA EntityManagerFactory for persistence unit 'default'
2019-05-20 12:18:56.458  INFO 799 --- [main] o.s.s.web.DefaultSecurityFilterChain     : Creating filter chain: any request, [org.springframework.security.web.context.request.async.WebAsyncManagerIntegrationFilter@56f2c9e8, org.springframework.security.web.context.SecurityContextPersistenceFilter@58ec8271, org.springframework.security.web.header.HeaderWriterFilter@8cb7185, org.springframework.security.web.csrf.CsrfFilter@6475e778, org.springframework.security.web.authentication.logout.LogoutFilter@5e6522a6, org.springframework.security.web.authentication.UsernamePasswordAuthenticationFilter@11295cb1, org.springframework.security.web.savedrequest.RequestCacheAwareFilter@3ee258, org.springframework.security.web.servletapi.SecurityContextHolderAwareRequestFilter@6ec3a4c2, org.springframework.security.web.authentication.AnonymousAuthenticationFilter@457692cb, org.springframework.security.web.session.SessionManagementFilter@2c54c497, org.springframework.security.web.access.ExceptionTranslationFilter@31533eb1, org.springframework.security.web.access.intercept.FilterSecurityInterceptor@77204651]
2019-05-20 12:18:56.740  INFO 799 --- [main] o.s.s.concurrent.ThreadPoolTaskExecutor  : Initializing ExecutorService 'applicationTaskExecutor'
2019-05-20 12:18:56.830  WARN 799 --- [main] aWebConfiguration$JpaWebMvcConfiguration : spring.jpa.open-in-view is enabled by default. Therefore, database queries may be performed during view rendering. Explicitly configure spring.jpa.open-in-view to disable this warning
2019-05-20 12:18:57.044  INFO 799 --- [main] o.s.b.a.w.s.WelcomePageHandlerMapping    : Adding welcome page template: index
2019-05-20 12:18:57.391  INFO 799 --- [main] o.s.b.a.e.web.EndpointLinksResolver      : Exposing 2 endpoint(s) beneath base path '/actuator'
2019-05-20 12:18:57.592  INFO 799 --- [main] o.s.b.w.embedded.tomcat.TomcatWebServer  : Tomcat started on port(s): 9090 (http) with context path ''
2019-05-20 12:18:57.595  INFO 799 --- [main] tacobell.Application                     : Started Application in 9.32 seconds (JVM running for 9.807)
2019-05-20 12:19:04.345  INFO 799 --- [http-nio-9090-exec-1] o.a.c.c.C.[Tomcat].[localhost].[/]       : Initializing Spring DispatcherServlet 'dispatcherServlet'
2019-05-20 12:19:04.345  INFO 799 --- [http-nio-9090-exec-1] o.s.web.servlet.DispatcherServlet        : Initializing Servlet 'dispatcherServlet'
2019-05-20 12:19:04.361  INFO 799 --- [http-nio-9090-exec-1] o.s.web.servlet.DispatcherServlet        : Completed initialization in 16 ms
2019-05-20 12:19:15.957  INFO 799 --- [http-nio-9090-exec-9] o.h.h.i.QueryTranslatorFactoryInitiator  : HHH000397: Using ASTQueryTranslatorFactory
2019-05-20 12:19:37.698  INFO 799 --- [Thread-4] o.s.s.concurrent.ThreadPoolTaskExecutor  : Shutting down ExecutorService 'applicationTaskExecutor'
2019-05-20 12:19:37.703  INFO 799 --- [Thread-4] j.LocalContainerEntityManagerFactoryBean : Closing JPA EntityManagerFactory for persistence unit 'default'
2019-05-20 12:19:37.704  INFO 799 --- [Thread-4] .SchemaDropperImpl$DelayedDropActionImpl : HHH000477: Starting delayed evictData of schema as part of SessionFactory shut-down'
2019-05-20 12:19:37.714  INFO 799 --- [Thread-4] com.zaxxer.hikari.HikariDataSource       : HikariPool-1 - Shutdown initiated...
2019-05-20 12:19:37.720  INFO 799 --- [Thread-4] com.zaxxer.hikari.HikariDataSource       : HikariPool-1 - Shutdown completed.
2019-05-20 12:21:35.735  INFO 806 --- [main] tacobell.Application                     : Starting Application on Mac-mini-Mediasoft.local with PID 806 (/Users/mediasoft/IdeaProjects/DBproject/build/classes/java/main started by mediasoft in /Users/mediasoft/IdeaProjects/DBproject)
2019-05-20 12:21:35.743  INFO 806 --- [main] tacobell.Application                     : No active profile set, falling back to default profiles: default
2019-05-20 12:21:37.305  INFO 806 --- [main] .s.d.r.c.RepositoryConfigurationDelegate : Bootstrapping Spring Data repositories in DEFAULT mode.
2019-05-20 12:21:37.427  INFO 806 --- [main] .s.d.r.c.RepositoryConfigurationDelegate : Finished Spring Data repository scanning in 107ms. Found 4 repository interfaces.
2019-05-20 12:21:38.355  INFO 806 --- [main] trationDelegate$BeanPostProcessorChecker : Bean 'org.springframework.transaction.annotation.ProxyTransactionManagementConfiguration' of type [org.springframework.transaction.annotation.ProxyTransactionManagementConfiguration$$EnhancerBySpringCGLIB$$63fafc59] is not eligible for getting processed by all BeanPostProcessors (for example: not eligible for auto-proxying)
2019-05-20 12:21:39.060  INFO 806 --- [main] o.s.b.w.embedded.tomcat.TomcatWebServer  : Tomcat initialized with port(s): 9090 (http)
2019-05-20 12:21:39.109  INFO 806 --- [main] o.apache.catalina.core.StandardService   : Starting service [Tomcat]
2019-05-20 12:21:39.109  INFO 806 --- [main] org.apache.catalina.core.StandardEngine  : Starting Servlet engine: [Apache Tomcat/9.0.17]
2019-05-20 12:21:39.273  INFO 806 --- [main] o.a.c.c.C.[Tomcat].[localhost].[/]       : Initializing Spring embedded WebApplicationContext
2019-05-20 12:21:39.273  INFO 806 --- [main] o.s.web.context.ContextLoader            : Root WebApplicationContext: initialization completed in 3459 ms
2019-05-20 12:21:40.057  INFO 806 --- [main] com.zaxxer.hikari.HikariDataSource       : HikariPool-1 - Starting...
2019-05-20 12:21:40.197  INFO 806 --- [main] com.zaxxer.hikari.pool.PoolBase          : HikariPool-1 - Driver does not support get/set network timeout for connections. (org.h2.jdbc.JdbcConnection.getNetworkTimeout()I)
2019-05-20 12:21:40.211  INFO 806 --- [main] com.zaxxer.hikari.HikariDataSource       : HikariPool-1 - Start completed.
2019-05-20 12:21:40.305  INFO 806 --- [main] o.hibernate.jpa.internal.util.LogHelper  : HHH000204: Processing PersistenceUnitInfo [
	name: default
	...]
2019-05-20 12:21:40.409  INFO 806 --- [main] org.hibernate.Version                    : HHH000412: Hibernate Core {5.3.9.Final}
2019-05-20 12:21:40.410  INFO 806 --- [main] org.hibernate.cfg.Environment            : HHH000206: hibernate.properties not found
2019-05-20 12:21:40.595  INFO 806 --- [main] o.hibernate.annotations.common.Version   : HCANN000001: Hibernate Commons Annotations {5.0.4.Final}
2019-05-20 12:21:40.811  INFO 806 --- [main] org.hibernate.dialect.Dialect            : HHH000400: Using dialect: org.hibernate.dialect.H2Dialect
2019-05-20 12:21:40.896  INFO 806 --- [main] o.h.e.j.e.i.LobCreatorBuilderImpl        : HHH000423: Disabling contextual LOB creation as JDBC driver reported JDBC version [3] less than 4
2019-05-20 12:21:41.897  INFO 806 --- [main] o.h.t.schema.internal.SchemaCreatorImpl  : HHH000476: Executing import script 'org.hibernate.tool.schema.internal.exec.ScriptSourceInputNonExistentImpl@67e6eb52'
2019-05-20 12:21:41.902  INFO 806 --- [main] j.LocalContainerEntityManagerFactoryBean : Initialized JPA EntityManagerFactory for persistence unit 'default'
2019-05-20 12:21:43.036  INFO 806 --- [main] o.s.s.web.DefaultSecurityFilterChain     : Creating filter chain: any request, [org.springframework.security.web.context.request.async.WebAsyncManagerIntegrationFilter@210c1b9d, org.springframework.security.web.context.SecurityContextPersistenceFilter@2dc3ece8, org.springframework.security.web.header.HeaderWriterFilter@149b53fa, org.springframework.security.web.csrf.CsrfFilter@eb91027, org.springframework.security.web.authentication.logout.LogoutFilter@533e2f4, org.springframework.security.web.authentication.UsernamePasswordAuthenticationFilter@4e96cb04, org.springframework.security.web.savedrequest.RequestCacheAwareFilter@6d7865d6, org.springframework.security.web.servletapi.SecurityContextHolderAwareRequestFilter@6d9428f3, org.springframework.security.web.authentication.AnonymousAuthenticationFilter@69bc4024, org.springframework.security.web.session.SessionManagementFilter@751686aa, org.springframework.security.web.access.ExceptionTranslationFilter@6bfdaa7a, org.springframework.security.web.access.intercept.FilterSecurityInterceptor@36e3321e]
2019-05-20 12:21:43.318  INFO 806 --- [main] o.s.s.concurrent.ThreadPoolTaskExecutor  : Initializing ExecutorService 'applicationTaskExecutor'
2019-05-20 12:21:43.389  WARN 806 --- [main] aWebConfiguration$JpaWebMvcConfiguration : spring.jpa.open-in-view is enabled by default. Therefore, database queries may be performed during view rendering. Explicitly configure spring.jpa.open-in-view to disable this warning
2019-05-20 12:21:43.592  INFO 806 --- [main] o.s.b.a.w.s.WelcomePageHandlerMapping    : Adding welcome page template: index
2019-05-20 12:21:43.932  INFO 806 --- [main] o.s.b.a.e.web.EndpointLinksResolver      : Exposing 2 endpoint(s) beneath base path '/actuator'
2019-05-20 12:21:44.134  INFO 806 --- [main] o.s.b.w.embedded.tomcat.TomcatWebServer  : Tomcat started on port(s): 9090 (http) with context path ''
2019-05-20 12:21:44.138  INFO 806 --- [main] tacobell.Application                     : Started Application in 9.114 seconds (JVM running for 9.598)
2019-05-20 12:21:54.547  INFO 806 --- [http-nio-9090-exec-1] o.a.c.c.C.[Tomcat].[localhost].[/]       : Initializing Spring DispatcherServlet 'dispatcherServlet'
2019-05-20 12:21:54.547  INFO 806 --- [http-nio-9090-exec-1] o.s.web.servlet.DispatcherServlet        : Initializing Servlet 'dispatcherServlet'
2019-05-20 12:21:54.566  INFO 806 --- [http-nio-9090-exec-1] o.s.web.servlet.DispatcherServlet        : Completed initialization in 18 ms
2019-05-20 12:22:05.849  INFO 806 --- [http-nio-9090-exec-9] o.h.h.i.QueryTranslatorFactoryInitiator  : HHH000397: Using ASTQueryTranslatorFactory
2019-05-20 12:22:31.576  INFO 806 --- [Thread-4] o.s.s.concurrent.ThreadPoolTaskExecutor  : Shutting down ExecutorService 'applicationTaskExecutor'
2019-05-20 12:22:31.581  INFO 806 --- [Thread-4] j.LocalContainerEntityManagerFactoryBean : Closing JPA EntityManagerFactory for persistence unit 'default'
2019-05-20 12:22:31.582  INFO 806 --- [Thread-4] .SchemaDropperImpl$DelayedDropActionImpl : HHH000477: Starting delayed evictData of schema as part of SessionFactory shut-down'
2019-05-20 12:22:31.592  INFO 806 --- [Thread-4] com.zaxxer.hikari.HikariDataSource       : HikariPool-1 - Shutdown initiated...
2019-05-20 12:22:31.597  INFO 806 --- [Thread-4] com.zaxxer.hikari.HikariDataSource       : HikariPool-1 - Shutdown completed.
2019-05-20 12:22:47.710  INFO 810 --- [main] tacobell.Application                     : Starting Application on Mac-mini-Mediasoft.local with PID 810 (/Users/mediasoft/IdeaProjects/DBproject/build/classes/java/main started by mediasoft in /Users/mediasoft/IdeaProjects/DBproject)
2019-05-20 12:22:47.715  INFO 810 --- [main] tacobell.Application                     : No active profile set, falling back to default profiles: default
2019-05-20 12:22:49.295  INFO 810 --- [main] .s.d.r.c.RepositoryConfigurationDelegate : Bootstrapping Spring Data repositories in DEFAULT mode.
2019-05-20 12:22:49.411  INFO 810 --- [main] .s.d.r.c.RepositoryConfigurationDelegate : Finished Spring Data repository scanning in 100ms. Found 4 repository interfaces.
2019-05-20 12:22:50.242  INFO 810 --- [main] trationDelegate$BeanPostProcessorChecker : Bean 'org.springframework.transaction.annotation.ProxyTransactionManagementConfiguration' of type [org.springframework.transaction.annotation.ProxyTransactionManagementConfiguration$$EnhancerBySpringCGLIB$$ac21251d] is not eligible for getting processed by all BeanPostProcessors (for example: not eligible for auto-proxying)
2019-05-20 12:22:50.944  INFO 810 --- [main] o.s.b.w.embedded.tomcat.TomcatWebServer  : Tomcat initialized with port(s): 9090 (http)
2019-05-20 12:22:50.997  INFO 810 --- [main] o.apache.catalina.core.StandardService   : Starting service [Tomcat]
2019-05-20 12:22:50.998  INFO 810 --- [main] org.apache.catalina.core.StandardEngine  : Starting Servlet engine: [Apache Tomcat/9.0.17]
2019-05-20 12:22:51.186  INFO 810 --- [main] o.a.c.c.C.[Tomcat].[localhost].[/]       : Initializing Spring embedded WebApplicationContext
2019-05-20 12:22:51.186  INFO 810 --- [main] o.s.web.context.ContextLoader            : Root WebApplicationContext: initialization completed in 3403 ms
2019-05-20 12:22:51.985  INFO 810 --- [main] com.zaxxer.hikari.HikariDataSource       : HikariPool-1 - Starting...
2019-05-20 12:22:52.139  INFO 810 --- [main] com.zaxxer.hikari.pool.PoolBase          : HikariPool-1 - Driver does not support get/set network timeout for connections. (org.h2.jdbc.JdbcConnection.getNetworkTimeout()I)
2019-05-20 12:22:52.156  INFO 810 --- [main] com.zaxxer.hikari.HikariDataSource       : HikariPool-1 - Start completed.
2019-05-20 12:22:52.250  INFO 810 --- [main] o.hibernate.jpa.internal.util.LogHelper  : HHH000204: Processing PersistenceUnitInfo [
	name: default
	...]
2019-05-20 12:22:52.362  INFO 810 --- [main] org.hibernate.Version                    : HHH000412: Hibernate Core {5.3.9.Final}
2019-05-20 12:22:52.365  INFO 810 --- [main] org.hibernate.cfg.Environment            : HHH000206: hibernate.properties not found
2019-05-20 12:22:52.613  INFO 810 --- [main] o.hibernate.annotations.common.Version   : HCANN000001: Hibernate Commons Annotations {5.0.4.Final}
2019-05-20 12:22:52.854  INFO 810 --- [main] org.hibernate.dialect.Dialect            : HHH000400: Using dialect: org.hibernate.dialect.H2Dialect
2019-05-20 12:22:52.941  INFO 810 --- [main] o.h.e.j.e.i.LobCreatorBuilderImpl        : HHH000423: Disabling contextual LOB creation as JDBC driver reported JDBC version [3] less than 4
2019-05-20 12:22:53.958  INFO 810 --- [main] o.h.t.schema.internal.SchemaCreatorImpl  : HHH000476: Executing import script 'org.hibernate.tool.schema.internal.exec.ScriptSourceInputNonExistentImpl@138a85d3'
2019-05-20 12:22:53.962  INFO 810 --- [main] j.LocalContainerEntityManagerFactoryBean : Initialized JPA EntityManagerFactory for persistence unit 'default'
2019-05-20 12:22:55.119  INFO 810 --- [main] o.s.s.web.DefaultSecurityFilterChain     : Creating filter chain: any request, [org.springframework.security.web.context.request.async.WebAsyncManagerIntegrationFilter@1a336906, org.springframework.security.web.context.SecurityContextPersistenceFilter@149b53fa, org.springframework.security.web.header.HeaderWriterFilter@73dbe25, org.springframework.security.web.csrf.CsrfFilter@4ef31221, org.springframework.security.web.authentication.logout.LogoutFilter@6d9428f3, org.springframework.security.web.authentication.UsernamePasswordAuthenticationFilter@16f34376, org.springframework.security.web.savedrequest.RequestCacheAwareFilter@751686aa, org.springframework.security.web.servletapi.SecurityContextHolderAwareRequestFilter@559e3f67, org.springframework.security.web.authentication.AnonymousAuthenticationFilter@62054faf, org.springframework.security.web.session.SessionManagementFilter@6bfdaa7a, org.springframework.security.web.access.ExceptionTranslationFilter@4e85dcb2, org.springframework.security.web.access.intercept.FilterSecurityInterceptor@48ee3c2d]
2019-05-20 12:22:55.396  INFO 810 --- [main] o.s.s.concurrent.ThreadPoolTaskExecutor  : Initializing ExecutorService 'applicationTaskExecutor'
2019-05-20 12:22:55.466  WARN 810 --- [main] aWebConfiguration$JpaWebMvcConfiguration : spring.jpa.open-in-view is enabled by default. Therefore, database queries may be performed during view rendering. Explicitly configure spring.jpa.open-in-view to disable this warning
2019-05-20 12:22:55.689  INFO 810 --- [main] o.s.b.a.w.s.WelcomePageHandlerMapping    : Adding welcome page template: index
2019-05-20 12:22:56.037  INFO 810 --- [main] o.s.b.a.e.web.EndpointLinksResolver      : Exposing 2 endpoint(s) beneath base path '/actuator'
2019-05-20 12:22:56.240  INFO 810 --- [main] o.s.b.w.embedded.tomcat.TomcatWebServer  : Tomcat started on port(s): 9090 (http) with context path ''
2019-05-20 12:22:56.244  INFO 810 --- [main] tacobell.Application                     : Started Application in 9.213 seconds (JVM running for 9.696)
2019-05-20 12:23:05.106  INFO 810 --- [http-nio-9090-exec-1] o.a.c.c.C.[Tomcat].[localhost].[/]       : Initializing Spring DispatcherServlet 'dispatcherServlet'
2019-05-20 12:23:05.106  INFO 810 --- [http-nio-9090-exec-1] o.s.web.servlet.DispatcherServlet        : Initializing Servlet 'dispatcherServlet'
2019-05-20 12:23:05.123  INFO 810 --- [http-nio-9090-exec-1] o.s.web.servlet.DispatcherServlet        : Completed initialization in 15 ms
2019-05-20 12:23:16.744  INFO 810 --- [http-nio-9090-exec-9] o.h.h.i.QueryTranslatorFactoryInitiator  : HHH000397: Using ASTQueryTranslatorFactory
2019-05-20 12:23:41.205  INFO 810 --- [Thread-4] o.s.s.concurrent.ThreadPoolTaskExecutor  : Shutting down ExecutorService 'applicationTaskExecutor'
2019-05-20 12:23:41.210  INFO 810 --- [Thread-4] j.LocalContainerEntityManagerFactoryBean : Closing JPA EntityManagerFactory for persistence unit 'default'
2019-05-20 12:23:41.210  INFO 810 --- [Thread-4] .SchemaDropperImpl$DelayedDropActionImpl : HHH000477: Starting delayed evictData of schema as part of SessionFactory shut-down'
2019-05-20 12:23:41.222  INFO 810 --- [Thread-4] com.zaxxer.hikari.HikariDataSource       : HikariPool-1 - Shutdown initiated...
2019-05-20 12:23:41.228  INFO 810 --- [Thread-4] com.zaxxer.hikari.HikariDataSource       : HikariPool-1 - Shutdown completed.
2019-05-20 12:23:46.258  INFO 812 --- [main] tacobell.Application                     : Starting Application on Mac-mini-Mediasoft.local with PID 812 (/Users/mediasoft/IdeaProjects/DBproject/build/classes/java/main started by mediasoft in /Users/mediasoft/IdeaProjects/DBproject)
2019-05-20 12:23:46.262  INFO 812 --- [main] tacobell.Application                     : No active profile set, falling back to default profiles: default
2019-05-20 12:23:47.903  INFO 812 --- [main] .s.d.r.c.RepositoryConfigurationDelegate : Bootstrapping Spring Data repositories in DEFAULT mode.
2019-05-20 12:23:48.024  INFO 812 --- [main] .s.d.r.c.RepositoryConfigurationDelegate : Finished Spring Data repository scanning in 108ms. Found 4 repository interfaces.
2019-05-20 12:23:48.887  INFO 812 --- [main] trationDelegate$BeanPostProcessorChecker : Bean 'org.springframework.transaction.annotation.ProxyTransactionManagementConfiguration' of type [org.springframework.transaction.annotation.ProxyTransactionManagementConfiguration$$EnhancerBySpringCGLIB$$5a9674cf] is not eligible for getting processed by all BeanPostProcessors (for example: not eligible for auto-proxying)
2019-05-20 12:23:49.593  INFO 812 --- [main] o.s.b.w.embedded.tomcat.TomcatWebServer  : Tomcat initialized with port(s): 9090 (http)
2019-05-20 12:23:49.650  INFO 812 --- [main] o.apache.catalina.core.StandardService   : Starting service [Tomcat]
2019-05-20 12:23:49.651  INFO 812 --- [main] org.apache.catalina.core.StandardEngine  : Starting Servlet engine: [Apache Tomcat/9.0.17]
2019-05-20 12:23:49.825  INFO 812 --- [main] o.a.c.c.C.[Tomcat].[localhost].[/]       : Initializing Spring embedded WebApplicationContext
2019-05-20 12:23:49.825  INFO 812 --- [main] o.s.web.context.ContextLoader            : Root WebApplicationContext: initialization completed in 3500 ms
2019-05-20 12:23:50.607  INFO 812 --- [main] com.zaxxer.hikari.HikariDataSource       : HikariPool-1 - Starting...
2019-05-20 12:23:50.762  INFO 812 --- [main] com.zaxxer.hikari.pool.PoolBase          : HikariPool-1 - Driver does not support get/set network timeout for connections. (org.h2.jdbc.JdbcConnection.getNetworkTimeout()I)
2019-05-20 12:23:50.775  INFO 812 --- [main] com.zaxxer.hikari.HikariDataSource       : HikariPool-1 - Start completed.
2019-05-20 12:23:50.865  INFO 812 --- [main] o.hibernate.jpa.internal.util.LogHelper  : HHH000204: Processing PersistenceUnitInfo [
	name: default
	...]
2019-05-20 12:23:50.981  INFO 812 --- [main] org.hibernate.Version                    : HHH000412: Hibernate Core {5.3.9.Final}
2019-05-20 12:23:50.984  INFO 812 --- [main] org.hibernate.cfg.Environment            : HHH000206: hibernate.properties not found
2019-05-20 12:23:51.212  INFO 812 --- [main] o.hibernate.annotations.common.Version   : HCANN000001: Hibernate Commons Annotations {5.0.4.Final}
2019-05-20 12:23:51.416  INFO 812 --- [main] org.hibernate.dialect.Dialect            : HHH000400: Using dialect: org.hibernate.dialect.H2Dialect
2019-05-20 12:23:51.498  INFO 812 --- [main] o.h.e.j.e.i.LobCreatorBuilderImpl        : HHH000423: Disabling contextual LOB creation as JDBC driver reported JDBC version [3] less than 4
2019-05-20 12:23:52.518  INFO 812 --- [main] o.h.t.schema.internal.SchemaCreatorImpl  : HHH000476: Executing import script 'org.hibernate.tool.schema.internal.exec.ScriptSourceInputNonExistentImpl@7e3ee128'
2019-05-20 12:23:52.522  INFO 812 --- [main] j.LocalContainerEntityManagerFactoryBean : Initialized JPA EntityManagerFactory for persistence unit 'default'
2019-05-20 12:23:53.674  INFO 812 --- [main] o.s.s.web.DefaultSecurityFilterChain     : Creating filter chain: any request, [org.springframework.security.web.context.request.async.WebAsyncManagerIntegrationFilter@79295932, org.springframework.security.web.context.SecurityContextPersistenceFilter@6b7c4734, org.springframework.security.web.header.HeaderWriterFilter@25216999, org.springframework.security.web.csrf.CsrfFilter@39f93225, org.springframework.security.web.authentication.logout.LogoutFilter@30a01dd8, org.springframework.security.web.authentication.UsernamePasswordAuthenticationFilter@55b62db8, org.springframework.security.web.savedrequest.RequestCacheAwareFilter@380fdcf2, org.springframework.security.web.servletapi.SecurityContextHolderAwareRequestFilter@56299b0e, org.springframework.security.web.authentication.AnonymousAuthenticationFilter@2cadcff6, org.springframework.security.web.session.SessionManagementFilter@5c997de8, org.springframework.security.web.access.ExceptionTranslationFilter@7bda01da, org.springframework.security.web.access.intercept.FilterSecurityInterceptor@2a075e70]
2019-05-20 12:23:53.945  INFO 812 --- [main] o.s.s.concurrent.ThreadPoolTaskExecutor  : Initializing ExecutorService 'applicationTaskExecutor'
2019-05-20 12:23:54.019  WARN 812 --- [main] aWebConfiguration$JpaWebMvcConfiguration : spring.jpa.open-in-view is enabled by default. Therefore, database queries may be performed during view rendering. Explicitly configure spring.jpa.open-in-view to disable this warning
2019-05-20 12:23:54.239  INFO 812 --- [main] o.s.b.a.w.s.WelcomePageHandlerMapping    : Adding welcome page template: index
2019-05-20 12:23:54.582  INFO 812 --- [main] o.s.b.a.e.web.EndpointLinksResolver      : Exposing 2 endpoint(s) beneath base path '/actuator'
2019-05-20 12:23:54.777  INFO 812 --- [main] o.s.b.w.embedded.tomcat.TomcatWebServer  : Tomcat started on port(s): 9090 (http) with context path ''
2019-05-20 12:23:54.780  INFO 812 --- [main] tacobell.Application                     : Started Application in 9.26 seconds (JVM running for 9.768)
2019-05-20 12:26:24.816  INFO 812 --- [http-nio-9090-exec-1] o.a.c.c.C.[Tomcat].[localhost].[/]       : Initializing Spring DispatcherServlet 'dispatcherServlet'
2019-05-20 12:26:24.816  INFO 812 --- [http-nio-9090-exec-1] o.s.web.servlet.DispatcherServlet        : Initializing Servlet 'dispatcherServlet'
2019-05-20 12:26:24.831  INFO 812 --- [http-nio-9090-exec-1] o.s.web.servlet.DispatcherServlet        : Completed initialization in 15 ms
2019-05-20 12:26:40.607  INFO 812 --- [http-nio-9090-exec-9] o.h.h.i.QueryTranslatorFactoryInitiator  : HHH000397: Using ASTQueryTranslatorFactory
2019-05-20 12:27:31.439  INFO 812 --- [Thread-4] o.s.s.concurrent.ThreadPoolTaskExecutor  : Shutting down ExecutorService 'applicationTaskExecutor'
2019-05-20 12:27:31.443  INFO 812 --- [Thread-4] j.LocalContainerEntityManagerFactoryBean : Closing JPA EntityManagerFactory for persistence unit 'default'
2019-05-20 12:27:31.444  INFO 812 --- [Thread-4] .SchemaDropperImpl$DelayedDropActionImpl : HHH000477: Starting delayed evictData of schema as part of SessionFactory shut-down'
2019-05-20 12:27:31.455  INFO 812 --- [Thread-4] com.zaxxer.hikari.HikariDataSource       : HikariPool-1 - Shutdown initiated...
2019-05-20 12:27:31.466  INFO 812 --- [Thread-4] com.zaxxer.hikari.HikariDataSource       : HikariPool-1 - Shutdown completed.
